        -:    0:Source:dominion.c
        -:    0:Graph:dominion.gcno
        -:    0:Data:dominion.gcda
        -:    0:Runs:3
        -:    0:Programs:3
        -:    1:#include "dominion.h"
        -:    2:#include "dominion_helpers.h"
        -:    3:#include "rngs.h"
        -:    4:#include <math.h>
        -:    5:#include <stdio.h>
        -:    6:#include <stdlib.h>
        -:    7:
        -:    8:// USER CREATED FUNCTIONS BELOW
function greatHallFunc called 0 returned 0% blocks executed 0%
    #####:    9:void greatHallFunc(int currentPlayer, struct gameState *state,
        -:   10:                   int handPosition) {
        -:   11:  // no bug implemented for this function
        -:   12:
        -:   13:  //+1 Card
    #####:   14:  drawCard(currentPlayer, state);
call    0 never executed
        -:   15:
        -:   16:  //+1 Actions
    #####:   17:  state->numActions++;
        -:   18:
        -:   19:  // discard card from hand
    #####:   20:  discardCard(handPosition, currentPlayer, state, 0);
call    0 never executed
    #####:   21:}
        -:   22:
function villageFunc called 30037 returned 100% blocks executed 100%
    30037:   23:void villageFunc(int currentPlayer, struct gameState *state, int handPosition) {
        -:   24:  // implement bug --
        -:   25:  // Switch the  drawings of actions and cards
        -:   26:  // +2 cards
        -:   27:  // +1 actions
        -:   28:
        -:   29:  //+2 cards
    30037:   30:  drawCard(currentPlayer, state);
call    0 returned 100%
    30037:   31:  drawCard(currentPlayer, state);
call    0 returned 100%
        -:   32:  //+1 Actions
    30037:   33:  state->numActions++;
        -:   34:
        -:   35:  // discard played card from hand
    30037:   36:  discardCard(handPosition, currentPlayer, state, 0);
call    0 returned 100%
    30037:   37:}
        -:   38:
function smithyFunc called 30037 returned 100% blocks executed 100%
    30037:   39:void smithyFunc(int currentPlayer, struct gameState *state, int handPosition) {
        -:   40:  // implement bug --
        -:   41:  // draw 4 cards isntead of 3
    30037:   42:  int NUM_CARDS = 4;
   150185:   43:  for (int i = 0; i < NUM_CARDS; i++) {
branch  0 taken 80%
branch  1 taken 20% (fallthrough)
   120148:   44:    drawCard(currentPlayer, state);
call    0 returned 100%
        -:   45:  }
        -:   46:
        -:   47:  // discard card from hand
    30037:   48:  discardCard(handPosition, currentPlayer, state, 0);
call    0 returned 100%
    30037:   49:}
        -:   50:
function adventurerFunc called 30037 returned 100% blocks executed 100%
    30037:   51:void adventurerFunc(int drawntreasure, int currentPlayer,
        -:   52:                    struct gameState *state, int *temphand, int z,
        -:   53:                    int cardDrawn) {
        -:   54:  // implement bug --
        -:   55:  // reveal cards until you receive 1 treasure card instead of 2 treasure cards
    30037:   56:  int NUM_TREASURE_CARDS = 1;
        -:   57:
    96833:   58:  while (drawntreasure < NUM_TREASURE_CARDS) {
branch  0 taken 55%
branch  1 taken 45% (fallthrough)
    36759:   59:    if (state->deckCount[currentPlayer] <
branch  0 taken 9% (fallthrough)
branch  1 taken 91%
        -:   60:        1) { // if the deck is empty we need to shuffle discard and add to
        -:   61:             // deck
     3361:   62:      shuffle(currentPlayer, state);
call    0 returned 100%
        -:   63:    }
    36759:   64:    drawCard(currentPlayer, state);
call    0 returned 100%
    36759:   65:    cardDrawn = state->hand[currentPlayer]
    36759:   66:                           [state->handCount[currentPlayer] -
        -:   67:                            1]; // top card of hand is most recently drawn card.
    36759:   68:    if (cardDrawn == copper || cardDrawn == silver || cardDrawn == gold)
branch  0 taken 18% (fallthrough)
branch  1 taken 82%
branch  2 taken 100% (fallthrough)
branch  3 taken 0%
branch  4 taken 0% (fallthrough)
branch  5 taken 100%
    30037:   69:      drawntreasure++;
        -:   70:    else {
     6722:   71:      temphand[z] = cardDrawn;
     6722:   72:      state->handCount[currentPlayer]--; // this should just remove the top
        -:   73:                                         // card (the most recently drawn one).
     6722:   74:      z++;
        -:   75:    }
        -:   76:  }
    66796:   77:  while (z - 1 >= 0) {
branch  0 taken 18%
branch  1 taken 82% (fallthrough)
    13444:   78:    state->discard[currentPlayer][state->discardCount[currentPlayer]++] =
     6722:   79:        temphand[z - 1]; // discard all cards in play that have been drawn
     6722:   80:    z = z - 1;
        -:   81:  }
    30037:   82:}
        -:   83:
function councilRoomFunc called 0 returned 0% blocks executed 0%
    #####:   84:void councilRoomFunc(int currentPlayer, struct gameState *state,
        -:   85:                     int handPosition) {
        -:   86:  // implement bug --
        -:   87:  // +5 cards instead of +4
        -:   88:  // +2 buys instead of +1
        -:   89:
        -:   90:  //+5 Cards
    #####:   91:  int NUM_CARDS = 5;
    #####:   92:  for (int i = 0; i < NUM_CARDS; i++) {
branch  0 never executed
branch  1 never executed
    #####:   93:    drawCard(currentPlayer, state);
call    0 never executed
        -:   94:  }
        -:   95:
        -:   96:  //+2 Buy (previously was +1)
    #####:   97:  state->numBuys += 2;
        -:   98:
        -:   99:  // Each other player draws a card
    #####:  100:  for (int i = 0; i < state->numPlayers; i++) {
branch  0 never executed
branch  1 never executed
    #####:  101:    if (i != currentPlayer) {
branch  0 never executed
branch  1 never executed
    #####:  102:      drawCard(i, state);
call    0 never executed
        -:  103:    }
        -:  104:  }
        -:  105:
        -:  106:  // put played card in played card pile
    #####:  107:  discardCard(handPosition, currentPlayer, state, 0);
call    0 never executed
    #####:  108:}
        -:  109:
function compare called 1351665 returned 100% blocks executed 83%
  1351665:  110:int compare(const void *a, const void *b) {
  1351665:  111:  if (*(int *)a > *(int *)b)
branch  0 taken 0% (fallthrough)
branch  1 taken 100%
    #####:  112:    return 1;
  1351665:  113:  if (*(int *)a < *(int *)b)
branch  0 taken 27% (fallthrough)
branch  1 taken 73%
   360444:  114:    return -1;
   991221:  115:  return 0;
        -:  116:}
        -:  117:
function newGame called 0 returned 0% blocks executed 0%
    #####:  118:struct gameState *newGame() {
    #####:  119:  struct gameState *g = malloc(sizeof(struct gameState));
    #####:  120:  return g;
        -:  121:}
        -:  122:
function kingdomCards called 0 returned 0% blocks executed 0%
    #####:  123:int *kingdomCards(int k1, int k2, int k3, int k4, int k5, int k6, int k7,
        -:  124:                  int k8, int k9, int k10) {
    #####:  125:  int *k = malloc(10 * sizeof(int));
    #####:  126:  k[0] = k1;
    #####:  127:  k[1] = k2;
    #####:  128:  k[2] = k3;
    #####:  129:  k[3] = k4;
    #####:  130:  k[4] = k5;
    #####:  131:  k[5] = k6;
    #####:  132:  k[6] = k7;
    #####:  133:  k[7] = k8;
    #####:  134:  k[8] = k9;
    #####:  135:  k[9] = k10;
    #####:  136:  return k;
        -:  137:}
        -:  138:
function initializeGame called 30000 returned 100% blocks executed 95%
    30000:  139:int initializeGame(int numPlayers, int kingdomCards[10], int randomSeed,
        -:  140:                   struct gameState *state) {
        -:  141:
        -:  142:  int i;
        -:  143:  int j;
        -:  144:  int it;
        -:  145:  // set up random number generator
    30000:  146:  SelectStream(1);
call    0 returned 100%
    30000:  147:  PutSeed((long)randomSeed);
call    0 returned 100%
        -:  148:
        -:  149:  // check number of players
    30000:  150:  if (numPlayers > MAX_PLAYERS || numPlayers < 2) {
branch  0 taken 100% (fallthrough)
branch  1 taken 0%
branch  2 taken 0% (fallthrough)
branch  3 taken 100%
    #####:  151:    return -1;
        -:  152:  }
        -:  153:
        -:  154:  // set number of players
    30000:  155:  state->numPlayers = numPlayers;
        -:  156:
        -:  157:  // check selected kingdom cards are different
   330000:  158:  for (i = 0; i < 10; i++) {
branch  0 taken 91%
branch  1 taken 9% (fallthrough)
  3300000:  159:    for (j = 0; j < 10; j++) {
branch  0 taken 91%
branch  1 taken 9% (fallthrough)
  3000000:  160:      if (j != i && kingdomCards[j] == kingdomCards[i]) {
branch  0 taken 90% (fallthrough)
branch  1 taken 10%
branch  2 taken 0% (fallthrough)
branch  3 taken 100%
    #####:  161:        return -1;
        -:  162:      }
        -:  163:    }
        -:  164:  }
        -:  165:
        -:  166:  // initialize supply
        -:  167:  ///////////////////////////////
        -:  168:
        -:  169:  // set number of Curse cards
    30000:  170:  if (numPlayers == 2) {
branch  0 taken 33% (fallthrough)
branch  1 taken 67%
     9972:  171:    state->supplyCount[curse] = 10;
    20028:  172:  } else if (numPlayers == 3) {
branch  0 taken 50% (fallthrough)
branch  1 taken 50%
     9945:  173:    state->supplyCount[curse] = 20;
        -:  174:  } else {
    10083:  175:    state->supplyCount[curse] = 30;
        -:  176:  }
        -:  177:
        -:  178:  // set number of Victory cards
    30000:  179:  if (numPlayers == 2) {
branch  0 taken 33% (fallthrough)
branch  1 taken 67%
     9972:  180:    state->supplyCount[estate] = 8;
     9972:  181:    state->supplyCount[duchy] = 8;
     9972:  182:    state->supplyCount[province] = 8;
        -:  183:  } else {
    20028:  184:    state->supplyCount[estate] = 12;
    20028:  185:    state->supplyCount[duchy] = 12;
    20028:  186:    state->supplyCount[province] = 12;
        -:  187:  }
        -:  188:
        -:  189:  // set number of Treasure cards
    30000:  190:  state->supplyCount[copper] = 60 - (7 * numPlayers);
    30000:  191:  state->supplyCount[silver] = 40;
    30000:  192:  state->supplyCount[gold] = 30;
        -:  193:
        -:  194:  // set number of Kingdom cards
   630000:  195:  for (i = adventurer; i <= treasure_map; i++) // loop all cards
branch  0 taken 95%
branch  1 taken 5% (fallthrough)
        -:  196:  {
  4950000:  197:    for (j = 0; j < 10; j++) // loop chosen cards
branch  0 taken 94%
branch  1 taken 6% (fallthrough)
        -:  198:    {
  4650000:  199:      if (kingdomCards[j] == i) {
branch  0 taken 6% (fallthrough)
branch  1 taken 94%
        -:  200:        // check if card is a 'Victory' Kingdom card
   300000:  201:        if (kingdomCards[j] == great_hall || kingdomCards[j] == gardens) {
branch  0 taken 90% (fallthrough)
branch  1 taken 10%
branch  2 taken 11% (fallthrough)
branch  3 taken 89%
   120000:  202:          if (numPlayers == 2) {
branch  0 taken 33% (fallthrough)
branch  1 taken 67%
    19944:  203:            state->supplyCount[i] = 8;
        -:  204:          } else {
    40056:  205:            state->supplyCount[i] = 12;
        -:  206:          }
        -:  207:        } else {
   240000:  208:          state->supplyCount[i] = 10;
        -:  209:        }
   300000:  210:        break;
        -:  211:      } else // card is not in the set choosen for the game
        -:  212:      {
  4350000:  213:        state->supplyCount[i] = -1;
        -:  214:      }
        -:  215:    }
        -:  216:  }
        -:  217:
        -:  218:  ////////////////////////
        -:  219:  // supply intilization complete
        -:  220:
        -:  221:  // set player decks
   120111:  222:  for (i = 0; i < numPlayers; i++) {
branch  0 taken 75%
branch  1 taken 25% (fallthrough)
    90111:  223:    state->deckCount[i] = 0;
   360444:  224:    for (j = 0; j < 3; j++) {
branch  0 taken 75%
branch  1 taken 25% (fallthrough)
   270333:  225:      state->deck[i][j] = estate;
   270333:  226:      state->deckCount[i]++;
        -:  227:    }
   720888:  228:    for (j = 3; j < 10; j++) {
branch  0 taken 88%
branch  1 taken 13% (fallthrough)
   630777:  229:      state->deck[i][j] = copper;
   630777:  230:      state->deckCount[i]++;
        -:  231:    }
        -:  232:  }
        -:  233:
        -:  234:  // shuffle player decks
   120111:  235:  for (i = 0; i < numPlayers; i++) {
branch  0 taken 75%
branch  1 taken 25% (fallthrough)
    90111:  236:    if (shuffle(i, state) < 0) {
call    0 returned 100%
branch  1 taken 0% (fallthrough)
branch  2 taken 100%
    #####:  237:      return -1;
        -:  238:    }
        -:  239:  }
        -:  240:
        -:  241:  // draw player hands
   120111:  242:  for (i = 0; i < numPlayers; i++) {
branch  0 taken 75%
branch  1 taken 25% (fallthrough)
        -:  243:    // initialize hand size to zero
    90111:  244:    state->handCount[i] = 0;
    90111:  245:    state->discardCount[i] = 0;
        -:  246:    // draw 5 cards
        -:  247:    // for (j = 0; j < 5; j++)
        -:  248:    //	{
        -:  249:    //	  drawCard(i, state);
        -:  250:    //	}
        -:  251:  }
        -:  252:
        -:  253:  // set embargo tokens to 0 for all supply piles
   840000:  254:  for (i = 0; i <= treasure_map; i++) {
branch  0 taken 96%
branch  1 taken 4% (fallthrough)
   810000:  255:    state->embargoTokens[i] = 0;
        -:  256:  }
        -:  257:
        -:  258:  // initialize first player's turn
    30000:  259:  state->outpostPlayed = 0;
    30000:  260:  state->phase = 0;
    30000:  261:  state->numActions = 1;
    30000:  262:  state->numBuys = 1;
    30000:  263:  state->playedCardCount = 0;
    30000:  264:  state->whoseTurn = 0;
    30000:  265:  state->handCount[state->whoseTurn] = 0;
        -:  266:  // int it; move to top
        -:  267:
        -:  268:  // Moved draw cards to here, only drawing at the start of a turn
   180000:  269:  for (it = 0; it < 5; it++) {
branch  0 taken 83%
branch  1 taken 17% (fallthrough)
   150000:  270:    drawCard(state->whoseTurn, state);
call    0 returned 100%
        -:  271:  }
        -:  272:
    30000:  273:  updateCoins(state->whoseTurn, state, 0);
call    0 returned 100%
        -:  274:
    30000:  275:  return 0;
        -:  276:}
        -:  277:
function shuffle called 96833 returned 100% blocks executed 100%
    96833:  278:int shuffle(int player, struct gameState *state) {
        -:  279:
        -:  280:  int newDeck[MAX_DECK];
    96833:  281:  int newDeckPos = 0;
        -:  282:  int card;
        -:  283:  int i;
        -:  284:
    96833:  285:  if (state->deckCount[player] < 1)
branch  0 taken 7% (fallthrough)
branch  1 taken 93%
     6722:  286:    return -1;
    90111:  287:  qsort((void *)(state->deck[player]), state->deckCount[player], sizeof(int),
call    0 returned 100%
        -:  288:        compare);
        -:  289:  /* SORT CARDS IN DECK TO ENSURE DETERMINISM! */
        -:  290:
  1081332:  291:  while (state->deckCount[player] > 0) {
branch  0 taken 91%
branch  1 taken 9% (fallthrough)
   901110:  292:    card = floor(Random() * state->deckCount[player]);
call    0 returned 100%
   901110:  293:    newDeck[newDeckPos] = state->deck[player][card];
   901110:  294:    newDeckPos++;
  3143802:  295:    for (i = card; i < state->deckCount[player] - 1; i++) {
branch  0 taken 71%
branch  1 taken 29% (fallthrough)
  2242692:  296:      state->deck[player][i] = state->deck[player][i + 1];
        -:  297:    }
   901110:  298:    state->deckCount[player]--;
        -:  299:  }
   991221:  300:  for (i = 0; i < newDeckPos; i++) {
branch  0 taken 91%
branch  1 taken 9% (fallthrough)
   901110:  301:    state->deck[player][i] = newDeck[i];
   901110:  302:    state->deckCount[player]++;
        -:  303:  }
        -:  304:
    90111:  305:  return 0;
        -:  306:}
        -:  307:
function playCard called 0 returned 0% blocks executed 0%
    #####:  308:int playCard(int handPos, int choice1, int choice2, int choice3,
        -:  309:             struct gameState *state) {
        -:  310:  int card;
    #####:  311:  int coin_bonus = 0; // tracks coins gain from actions
        -:  312:
        -:  313:  // check if it is the right phase
    #####:  314:  if (state->phase != 0) {
branch  0 never executed
branch  1 never executed
    #####:  315:    return -1;
        -:  316:  }
        -:  317:
        -:  318:  // check if player has enough actions
    #####:  319:  if (state->numActions < 1) {
branch  0 never executed
branch  1 never executed
    #####:  320:    return -1;
        -:  321:  }
        -:  322:
        -:  323:  // get card played
    #####:  324:  card = handCard(handPos, state);
call    0 never executed
        -:  325:
        -:  326:  // check if selected card is an action
    #####:  327:  if (card < adventurer || card > treasure_map) {
branch  0 never executed
branch  1 never executed
branch  2 never executed
branch  3 never executed
    #####:  328:    return -1;
        -:  329:  }
        -:  330:
        -:  331:  // play card
    #####:  332:  if (cardEffect(card, choice1, choice2, choice3, state, handPos, &coin_bonus) <
call    0 never executed
branch  1 never executed
branch  2 never executed
        -:  333:      0) {
    #####:  334:    return -1;
        -:  335:  }
        -:  336:
        -:  337:  // reduce number of actions
    #####:  338:  state->numActions--;
        -:  339:
        -:  340:  // update coins (Treasure cards may be added with card draws)
    #####:  341:  updateCoins(state->whoseTurn, state, coin_bonus);
call    0 never executed
        -:  342:
    #####:  343:  return 0;
        -:  344:}
        -:  345:
function buyCard called 0 returned 0% blocks executed 0%
    #####:  346:int buyCard(int supplyPos, struct gameState *state) {
        -:  347:  int who;
        -:  348:  if (DEBUG) {
        -:  349:    printf("Entering buyCard...\n");
        -:  350:  }
        -:  351:
        -:  352:  // I don't know what to do about the phase thing.
        -:  353:
    #####:  354:  who = state->whoseTurn;
        -:  355:
    #####:  356:  if (state->numBuys < 1) {
branch  0 never executed
branch  1 never executed
        -:  357:    if (DEBUG)
        -:  358:      printf("You do not have any buys left\n");
    #####:  359:    return -1;
    #####:  360:  } else if (supplyCount(supplyPos, state) < 1) {
call    0 never executed
branch  1 never executed
branch  2 never executed
        -:  361:    if (DEBUG)
        -:  362:      printf("There are not any of that type of card left\n");
    #####:  363:    return -1;
    #####:  364:  } else if (state->coins < getCost(supplyPos)) {
call    0 never executed
branch  1 never executed
branch  2 never executed
        -:  365:    if (DEBUG)
        -:  366:      printf("You do not have enough money to buy that. You have %d coins.\n",
        -:  367:             state->coins);
    #####:  368:    return -1;
        -:  369:  } else {
    #####:  370:    state->phase = 1;
        -:  371:    // state->supplyCount[supplyPos]--;
    #####:  372:    gainCard(supplyPos, state, 0,
call    0 never executed
        -:  373:             who); // card goes in discard, this might be wrong.. (2 means goes
        -:  374:                   // into hand, 0 goes into discard)
        -:  375:
    #####:  376:    state->coins = (state->coins) - (getCost(supplyPos));
call    0 never executed
    #####:  377:    state->numBuys--;
        -:  378:    if (DEBUG)
        -:  379:      printf("You bought card number %d for %d coins. You now have %d buys and "
        -:  380:             "%d coins.\n",
        -:  381:             supplyPos, getCost(supplyPos), state->numBuys, state->coins);
        -:  382:  }
        -:  383:
        -:  384:  // state->discard[who][state->discardCount[who]] = supplyPos;
        -:  385:  // state->discardCount[who]++;
        -:  386:
    #####:  387:  return 0;
        -:  388:}
        -:  389:
function numHandCards called 30037 returned 100% blocks executed 100%
    30037:  390:int numHandCards(struct gameState *state) {
    30037:  391:  return state->handCount[whoseTurn(state)];
call    0 returned 100%
        -:  392:}
        -:  393:
function handCard called 0 returned 0% blocks executed 0%
    #####:  394:int handCard(int handPos, struct gameState *state) {
    #####:  395:  int currentPlayer = whoseTurn(state);
call    0 never executed
    #####:  396:  return state->hand[currentPlayer][handPos];
        -:  397:}
        -:  398:
function supplyCount called 0 returned 0% blocks executed 0%
    #####:  399:int supplyCount(int card, struct gameState *state) {
    #####:  400:  return state->supplyCount[card];
        -:  401:}
        -:  402:
function fullDeckCount called 0 returned 0% blocks executed 0%
    #####:  403:int fullDeckCount(int player, int card, struct gameState *state) {
        -:  404:  int i;
    #####:  405:  int count = 0;
        -:  406:
    #####:  407:  for (i = 0; i < state->deckCount[player]; i++) {
branch  0 never executed
branch  1 never executed
    #####:  408:    if (state->deck[player][i] == card)
branch  0 never executed
branch  1 never executed
    #####:  409:      count++;
        -:  410:  }
        -:  411:
    #####:  412:  for (i = 0; i < state->handCount[player]; i++) {
branch  0 never executed
branch  1 never executed
    #####:  413:    if (state->hand[player][i] == card)
branch  0 never executed
branch  1 never executed
    #####:  414:      count++;
        -:  415:  }
        -:  416:
    #####:  417:  for (i = 0; i < state->discardCount[player]; i++) {
branch  0 never executed
branch  1 never executed
    #####:  418:    if (state->discard[player][i] == card)
branch  0 never executed
branch  1 never executed
    #####:  419:      count++;
        -:  420:  }
        -:  421:
    #####:  422:  return count;
        -:  423:}
        -:  424:
function whoseTurn called 120148 returned 100% blocks executed 100%
   120148:  425:int whoseTurn(struct gameState *state) { return state->whoseTurn; }
        -:  426:
function endTurn called 0 returned 0% blocks executed 0%
    #####:  427:int endTurn(struct gameState *state) {
        -:  428:  int k;
        -:  429:  int i;
    #####:  430:  int currentPlayer = whoseTurn(state);
call    0 never executed
        -:  431:
        -:  432:  // Discard hand
    #####:  433:  for (i = 0; i < state->handCount[currentPlayer]; i++) {
branch  0 never executed
branch  1 never executed
    #####:  434:    state->discard[currentPlayer][state->discardCount[currentPlayer]++] =
    #####:  435:        state->hand[currentPlayer][i];  // Discard
    #####:  436:    state->hand[currentPlayer][i] = -1; // Set card to -1
        -:  437:  }
    #####:  438:  state->handCount[currentPlayer] = 0; // Reset hand count
        -:  439:
        -:  440:  // Code for determining the player
    #####:  441:  if (currentPlayer < (state->numPlayers - 1)) {
branch  0 never executed
branch  1 never executed
    #####:  442:    state->whoseTurn = currentPlayer + 1; // Still safe to increment
        -:  443:  } else {
    #####:  444:    state->whoseTurn =
        -:  445:        0; // Max player has been reached, loop back around to player 1
        -:  446:  }
        -:  447:
    #####:  448:  state->outpostPlayed = 0;
    #####:  449:  state->phase = 0;
    #####:  450:  state->numActions = 1;
    #####:  451:  state->coins = 0;
    #####:  452:  state->numBuys = 1;
    #####:  453:  state->playedCardCount = 0;
    #####:  454:  state->handCount[state->whoseTurn] = 0;
        -:  455:
        -:  456:  // int k; move to top
        -:  457:  // Next player draws hand
    #####:  458:  for (k = 0; k < 5; k++) {
branch  0 never executed
branch  1 never executed
    #####:  459:    drawCard(state->whoseTurn, state); // Draw a card
call    0 never executed
        -:  460:  }
        -:  461:
        -:  462:  // Update money
    #####:  463:  updateCoins(state->whoseTurn, state, 0);
call    0 never executed
        -:  464:
    #####:  465:  return 0;
        -:  466:}
        -:  467:
function isGameOver called 0 returned 0% blocks executed 0%
    #####:  468:int isGameOver(struct gameState *state) {
        -:  469:  int i;
        -:  470:  int j;
        -:  471:
        -:  472:  // if stack of Province cards is empty, the game ends
    #####:  473:  if (state->supplyCount[province] == 0) {
branch  0 never executed
branch  1 never executed
    #####:  474:    return 1;
        -:  475:  }
        -:  476:
        -:  477:  // if three supply pile are at 0, the game ends
    #####:  478:  j = 0;
    #####:  479:  for (i = 0; i < 25; i++) {
branch  0 never executed
branch  1 never executed
    #####:  480:    if (state->supplyCount[i] == 0) {
branch  0 never executed
branch  1 never executed
    #####:  481:      j++;
        -:  482:    }
        -:  483:  }
    #####:  484:  if (j >= 3) {
branch  0 never executed
branch  1 never executed
    #####:  485:    return 1;
        -:  486:  }
        -:  487:
    #####:  488:  return 0;
        -:  489:}
        -:  490:
function scoreFor called 0 returned 0% blocks executed 0%
    #####:  491:int scoreFor(int player, struct gameState *state) {
        -:  492:
        -:  493:  int i;
    #####:  494:  int score = 0;
        -:  495:  // score from hand
    #####:  496:  for (i = 0; i < state->handCount[player]; i++) {
branch  0 never executed
branch  1 never executed
    #####:  497:    if (state->hand[player][i] == curse) {
branch  0 never executed
branch  1 never executed
    #####:  498:      score = score - 1;
        -:  499:    };
    #####:  500:    if (state->hand[player][i] == estate) {
branch  0 never executed
branch  1 never executed
    #####:  501:      score = score + 1;
        -:  502:    };
    #####:  503:    if (state->hand[player][i] == duchy) {
branch  0 never executed
branch  1 never executed
    #####:  504:      score = score + 3;
        -:  505:    };
    #####:  506:    if (state->hand[player][i] == province) {
branch  0 never executed
branch  1 never executed
    #####:  507:      score = score + 6;
        -:  508:    };
    #####:  509:    if (state->hand[player][i] == great_hall) {
branch  0 never executed
branch  1 never executed
    #####:  510:      score = score + 1;
        -:  511:    };
    #####:  512:    if (state->hand[player][i] == gardens) {
branch  0 never executed
branch  1 never executed
    #####:  513:      score = score + (fullDeckCount(player, 0, state) / 10);
call    0 never executed
        -:  514:    };
        -:  515:  }
        -:  516:
        -:  517:  // score from discard
    #####:  518:  for (i = 0; i < state->discardCount[player]; i++) {
branch  0 never executed
branch  1 never executed
    #####:  519:    if (state->discard[player][i] == curse) {
branch  0 never executed
branch  1 never executed
    #####:  520:      score = score - 1;
        -:  521:    };
    #####:  522:    if (state->discard[player][i] == estate) {
branch  0 never executed
branch  1 never executed
    #####:  523:      score = score + 1;
        -:  524:    };
    #####:  525:    if (state->discard[player][i] == duchy) {
branch  0 never executed
branch  1 never executed
    #####:  526:      score = score + 3;
        -:  527:    };
    #####:  528:    if (state->discard[player][i] == province) {
branch  0 never executed
branch  1 never executed
    #####:  529:      score = score + 6;
        -:  530:    };
    #####:  531:    if (state->discard[player][i] == great_hall) {
branch  0 never executed
branch  1 never executed
    #####:  532:      score = score + 1;
        -:  533:    };
    #####:  534:    if (state->discard[player][i] == gardens) {
branch  0 never executed
branch  1 never executed
    #####:  535:      score = score + (fullDeckCount(player, 0, state) / 10);
call    0 never executed
        -:  536:    };
        -:  537:  }
        -:  538:
        -:  539:  // score from deck
    #####:  540:  for (i = 0; i < state->discardCount[player]; i++) {
branch  0 never executed
branch  1 never executed
    #####:  541:    if (state->deck[player][i] == curse) {
branch  0 never executed
branch  1 never executed
    #####:  542:      score = score - 1;
        -:  543:    };
    #####:  544:    if (state->deck[player][i] == estate) {
branch  0 never executed
branch  1 never executed
    #####:  545:      score = score + 1;
        -:  546:    };
    #####:  547:    if (state->deck[player][i] == duchy) {
branch  0 never executed
branch  1 never executed
    #####:  548:      score = score + 3;
        -:  549:    };
    #####:  550:    if (state->deck[player][i] == province) {
branch  0 never executed
branch  1 never executed
    #####:  551:      score = score + 6;
        -:  552:    };
    #####:  553:    if (state->deck[player][i] == great_hall) {
branch  0 never executed
branch  1 never executed
    #####:  554:      score = score + 1;
        -:  555:    };
    #####:  556:    if (state->deck[player][i] == gardens) {
branch  0 never executed
branch  1 never executed
    #####:  557:      score = score + (fullDeckCount(player, 0, state) / 10);
call    0 never executed
        -:  558:    };
        -:  559:  }
        -:  560:
    #####:  561:  return score;
        -:  562:}
        -:  563:
function getWinners called 0 returned 0% blocks executed 0%
    #####:  564:int getWinners(int players[MAX_PLAYERS], struct gameState *state) {
        -:  565:  int i;
        -:  566:  int j;
        -:  567:  int highScore;
        -:  568:  int currentPlayer;
        -:  569:
        -:  570:  // get score for each player
    #####:  571:  for (i = 0; i < MAX_PLAYERS; i++) {
branch  0 never executed
branch  1 never executed
        -:  572:    // set unused player scores to -9999
    #####:  573:    if (i >= state->numPlayers) {
branch  0 never executed
branch  1 never executed
    #####:  574:      players[i] = -9999;
        -:  575:    } else {
    #####:  576:      players[i] = scoreFor(i, state);
call    0 never executed
        -:  577:    }
        -:  578:  }
        -:  579:
        -:  580:  // find highest score
    #####:  581:  j = 0;
    #####:  582:  for (i = 0; i < MAX_PLAYERS; i++) {
branch  0 never executed
branch  1 never executed
    #####:  583:    if (players[i] > players[j]) {
branch  0 never executed
branch  1 never executed
    #####:  584:      j = i;
        -:  585:    }
        -:  586:  }
    #####:  587:  highScore = players[j];
        -:  588:
        -:  589:  // add 1 to players who had less turns
    #####:  590:  currentPlayer = whoseTurn(state);
call    0 never executed
    #####:  591:  for (i = 0; i < MAX_PLAYERS; i++) {
branch  0 never executed
branch  1 never executed
    #####:  592:    if (players[i] == highScore && i > currentPlayer) {
branch  0 never executed
branch  1 never executed
branch  2 never executed
branch  3 never executed
    #####:  593:      players[i]++;
        -:  594:    }
        -:  595:  }
        -:  596:
        -:  597:  // find new highest score
    #####:  598:  j = 0;
    #####:  599:  for (i = 0; i < MAX_PLAYERS; i++) {
branch  0 never executed
branch  1 never executed
    #####:  600:    if (players[i] > players[j]) {
branch  0 never executed
branch  1 never executed
    #####:  601:      j = i;
        -:  602:    }
        -:  603:  }
    #####:  604:  highScore = players[j];
        -:  605:
        -:  606:  // set winners in array to 1 and rest to 0
    #####:  607:  for (i = 0; i < MAX_PLAYERS; i++) {
branch  0 never executed
branch  1 never executed
    #####:  608:    if (players[i] == highScore) {
branch  0 never executed
branch  1 never executed
    #####:  609:      players[i] = 1;
        -:  610:    } else {
    #####:  611:      players[i] = 0;
        -:  612:    }
        -:  613:  }
        -:  614:
    #####:  615:  return 0;
        -:  616:}
        -:  617:
function drawCard called 366981 returned 100% blocks executed 85%
   366981:  618:int drawCard(int player, struct gameState *state) {
        -:  619:  int count;
        -:  620:  int deckCounter;
   366981:  621:  if (state->deckCount[player] <= 0) { // Deck is empty
branch  0 taken 1% (fallthrough)
branch  1 taken 99%
        -:  622:
        -:  623:    // Step 1 Shuffle the discard pile back into a deck
        -:  624:    int i;
        -:  625:    // Move discard to deck
     3361:  626:    for (i = 0; i < state->discardCount[player]; i++) {
branch  0 taken 0%
branch  1 taken 100% (fallthrough)
    #####:  627:      state->deck[player][i] = state->discard[player][i];
    #####:  628:      state->discard[player][i] = -1;
        -:  629:    }
        -:  630:
     3361:  631:    state->deckCount[player] = state->discardCount[player];
     3361:  632:    state->discardCount[player] = 0; // Reset discard
        -:  633:
        -:  634:    // Shufffle the deck
     3361:  635:    shuffle(player,
call    0 returned 100%
        -:  636:            state); // Shuffle the deck up and make it so that we can draw
        -:  637:
        -:  638:    if (DEBUG) { // Debug statements
        -:  639:      printf("Deck count now: %d\n", state->deckCount[player]);
        -:  640:    }
        -:  641:
     3361:  642:    state->discardCount[player] = 0;
        -:  643:
        -:  644:    // Step 2 Draw Card
     3361:  645:    count = state->handCount[player]; // Get current player's hand count
        -:  646:
        -:  647:    if (DEBUG) { // Debug statements
        -:  648:      printf("Current hand count: %d\n", count);
        -:  649:    }
        -:  650:
     3361:  651:    deckCounter = state->deckCount[player]; // Create a holder for the deck
        -:  652:                                            // count
        -:  653:
     3361:  654:    if (deckCounter == 0)
branch  0 taken 100% (fallthrough)
branch  1 taken 0%
     3361:  655:      return -1;
        -:  656:
    #####:  657:    state->hand[player][count] =
    #####:  658:        state->deck[player][deckCounter - 1]; // Add card to hand
    #####:  659:    state->deckCount[player]--;
    #####:  660:    state->handCount[player]++; // Increment hand count
        -:  661:  }
        -:  662:
        -:  663:  else {
   363620:  664:    int count = state->handCount[player]; // Get current hand count for player
        -:  665:    int deckCounter;
        -:  666:    if (DEBUG) { // Debug statements
        -:  667:      printf("Current hand count: %d\n", count);
        -:  668:    }
        -:  669:
   363620:  670:    deckCounter = state->deckCount[player]; // Create holder for the deck count
   363620:  671:    state->hand[player][count] =
   363620:  672:        state->deck[player][deckCounter - 1]; // Add card to the hand
   363620:  673:    state->deckCount[player]--;
   363620:  674:    state->handCount[player]++; // Increment hand count
        -:  675:  }
        -:  676:
   363620:  677:  return 0;
        -:  678:}
        -:  679:
function getCost called 0 returned 0% blocks executed 0%
    #####:  680:int getCost(int cardNumber) {
    #####:  681:  switch (cardNumber) {
branch  0 never executed
branch  1 never executed
branch  2 never executed
branch  3 never executed
branch  4 never executed
branch  5 never executed
branch  6 never executed
branch  7 never executed
branch  8 never executed
branch  9 never executed
branch 10 never executed
branch 11 never executed
branch 12 never executed
branch 13 never executed
branch 14 never executed
branch 15 never executed
branch 16 never executed
branch 17 never executed
branch 18 never executed
branch 19 never executed
branch 20 never executed
branch 21 never executed
branch 22 never executed
branch 23 never executed
branch 24 never executed
branch 25 never executed
branch 26 never executed
branch 27 never executed
        -:  682:  case curse:
    #####:  683:    return 0;
        -:  684:  case estate:
    #####:  685:    return 2;
        -:  686:  case duchy:
    #####:  687:    return 5;
        -:  688:  case province:
    #####:  689:    return 8;
        -:  690:  case copper:
    #####:  691:    return 0;
        -:  692:  case silver:
    #####:  693:    return 3;
        -:  694:  case gold:
    #####:  695:    return 6;
        -:  696:  case adventurer:
    #####:  697:    return 6;
        -:  698:  case council_room:
    #####:  699:    return 5;
        -:  700:  case feast:
    #####:  701:    return 4;
        -:  702:  case gardens:
    #####:  703:    return 4;
        -:  704:  case mine:
    #####:  705:    return 5;
        -:  706:  case remodel:
    #####:  707:    return 4;
        -:  708:  case smithy:
    #####:  709:    return 4;
        -:  710:  case village:
    #####:  711:    return 3;
        -:  712:  case baron:
    #####:  713:    return 4;
        -:  714:  case great_hall:
    #####:  715:    return 3;
        -:  716:  case minion:
    #####:  717:    return 5;
        -:  718:  case steward:
    #####:  719:    return 3;
        -:  720:  case tribute:
    #####:  721:    return 5;
        -:  722:  case ambassador:
    #####:  723:    return 3;
        -:  724:  case cutpurse:
    #####:  725:    return 4;
        -:  726:  case embargo:
    #####:  727:    return 2;
        -:  728:  case outpost:
    #####:  729:    return 5;
        -:  730:  case salvager:
    #####:  731:    return 4;
        -:  732:  case sea_hag:
    #####:  733:    return 4;
        -:  734:  case treasure_map:
    #####:  735:    return 4;
        -:  736:  }
        -:  737:
    #####:  738:  return -1;
        -:  739:}
        -:  740:
function cardEffect called 90111 returned 100% blocks executed 5%
    90111:  741:int cardEffect(int card, int choice1, int choice2, int choice3,
        -:  742:               struct gameState *state, int handPos, int *bonus) {
        -:  743:  int i;
        -:  744:  int j;
        -:  745:  int k;
        -:  746:  int x;
        -:  747:  int index;
    90111:  748:  int currentPlayer = whoseTurn(state);
call    0 returned 100%
    90111:  749:  int nextPlayer = currentPlayer + 1;
        -:  750:
    90111:  751:  int tributeRevealedCards[2] = {-1, -1};
        -:  752:  int temphand[MAX_HAND]; // moved above the if statement
    90111:  753:  int drawntreasure = 0;
    90111:  754:  int cardDrawn = 0;
    90111:  755:  int z = 0; // this is the counter for the temp hand
    90111:  756:  if (nextPlayer > (state->numPlayers - 1)) {
branch  0 taken 22% (fallthrough)
branch  1 taken 78%
    20000:  757:    nextPlayer = 0;
        -:  758:  }
        -:  759:
        -:  760:  // uses switch to select card and perform actions
    90111:  761:  switch (card) {
branch  0 taken 33%
branch  1 taken 0%
branch  2 taken 0%
branch  3 taken 0%
branch  4 taken 0%
branch  5 taken 0%
branch  6 taken 33%
branch  7 taken 33%
branch  8 taken 0%
branch  9 taken 0%
branch 10 taken 0%
branch 11 taken 0%
branch 12 taken 0%
branch 13 taken 0%
branch 14 taken 0%
branch 15 taken 0%
branch 16 taken 0%
branch 17 taken 0%
branch 18 taken 0%
branch 19 taken 0%
branch 20 taken 0%
        -:  762:
        -:  763:  case adventurer:
        -:  764:
    30037:  765:    adventurerFunc(drawntreasure, currentPlayer, state, temphand, z, cardDrawn);
call    0 returned 100%
    30037:  766:    return 0;
        -:  767:
        -:  768:  case council_room:
        -:  769:
    #####:  770:    councilRoomFunc(currentPlayer, state, handPos);
call    0 never executed
    #####:  771:    return 0;
        -:  772:
        -:  773:  case feast:
        -:  774:    // gain card with cost up to 5
        -:  775:    // Backup hand
    #####:  776:    for (i = 0; i <= state->handCount[currentPlayer]; i++) {
branch  0 never executed
branch  1 never executed
    #####:  777:      temphand[i] = state->hand[currentPlayer][i]; // Backup card
    #####:  778:      state->hand[currentPlayer][i] = -1;          // Set to nothing
        -:  779:    }
        -:  780:    // Backup hand
        -:  781:
        -:  782:    // Update Coins for Buy
    #####:  783:    updateCoins(currentPlayer, state, 5);
call    0 never executed
    #####:  784:    x = 1;           // Condition to loop on
    #####:  785:    while (x == 1) { // Buy one card
branch  0 never executed
branch  1 never executed
    #####:  786:      if (supplyCount(choice1, state) <= 0) {
call    0 never executed
branch  1 never executed
branch  2 never executed
        -:  787:        if (DEBUG)
        -:  788:          printf("None of that card left, sorry!\n");
        -:  789:
        -:  790:        if (DEBUG) {
        -:  791:          printf("Cards Left: %d\n", supplyCount(choice1, state));
        -:  792:        }
    #####:  793:      } else if (state->coins < getCost(choice1)) {
call    0 never executed
branch  1 never executed
branch  2 never executed
    #####:  794:        printf("That card is too expensive!\n");
call    0 never executed
        -:  795:
        -:  796:        if (DEBUG) {
        -:  797:          printf("Coins: %d < %d\n", state->coins, getCost(choice1));
        -:  798:        }
        -:  799:      } else {
        -:  800:
        -:  801:        if (DEBUG) {
        -:  802:          printf("Deck Count: %d\n", state->handCount[currentPlayer] +
        -:  803:                                         state->deckCount[currentPlayer] +
        -:  804:                                         state->discardCount[currentPlayer]);
        -:  805:        }
        -:  806:
    #####:  807:        gainCard(choice1, state, 0, currentPlayer); // Gain the card
call    0 never executed
    #####:  808:        x = 0;                                      // No more buying cards
        -:  809:
        -:  810:        if (DEBUG) {
        -:  811:          printf("Deck Count: %d\n", state->handCount[currentPlayer] +
        -:  812:                                         state->deckCount[currentPlayer] +
        -:  813:                                         state->discardCount[currentPlayer]);
        -:  814:        }
        -:  815:      }
        -:  816:    }
        -:  817:
        -:  818:    // Reset Hand
    #####:  819:    for (i = 0; i <= state->handCount[currentPlayer]; i++) {
branch  0 never executed
branch  1 never executed
    #####:  820:      state->hand[currentPlayer][i] = temphand[i];
    #####:  821:      temphand[i] = -1;
        -:  822:    }
        -:  823:    // Reset Hand
        -:  824:
    #####:  825:    return 0;
        -:  826:
        -:  827:  case gardens:
    #####:  828:    return -1;
        -:  829:
        -:  830:  case mine:
    #####:  831:    j = state->hand[currentPlayer][choice1]; // store card we will trash
        -:  832:
    #####:  833:    if (state->hand[currentPlayer][choice1] < copper ||
branch  0 never executed
branch  1 never executed
branch  2 never executed
branch  3 never executed
    #####:  834:        state->hand[currentPlayer][choice1] > gold) {
    #####:  835:      return -1;
        -:  836:    }
        -:  837:
    #####:  838:    if (choice2 > treasure_map || choice2 < curse) {
branch  0 never executed
branch  1 never executed
branch  2 never executed
branch  3 never executed
    #####:  839:      return -1;
        -:  840:    }
        -:  841:
    #####:  842:    if ((getCost(state->hand[currentPlayer][choice1]) + 3) > getCost(choice2)) {
call    0 never executed
call    1 never executed
branch  2 never executed
branch  3 never executed
    #####:  843:      return -1;
        -:  844:    }
        -:  845:
    #####:  846:    gainCard(choice2, state, 2, currentPlayer);
call    0 never executed
        -:  847:
        -:  848:    // discard card from hand
    #####:  849:    discardCard(handPos, currentPlayer, state, 0);
call    0 never executed
        -:  850:
        -:  851:    // discard trashed card
    #####:  852:    for (i = 0; i < state->handCount[currentPlayer]; i++) {
branch  0 never executed
branch  1 never executed
    #####:  853:      if (state->hand[currentPlayer][i] == j) {
branch  0 never executed
branch  1 never executed
    #####:  854:        discardCard(i, currentPlayer, state, 0);
call    0 never executed
    #####:  855:        break;
        -:  856:      }
        -:  857:    }
        -:  858:
    #####:  859:    return 0;
        -:  860:
        -:  861:  case remodel:
    #####:  862:    j = state->hand[currentPlayer][choice1]; // store card we will trash
        -:  863:
    #####:  864:    if ((getCost(state->hand[currentPlayer][choice1]) + 2) > getCost(choice2)) {
call    0 never executed
call    1 never executed
branch  2 never executed
branch  3 never executed
    #####:  865:      return -1;
        -:  866:    }
        -:  867:
    #####:  868:    gainCard(choice2, state, 0, currentPlayer);
call    0 never executed
        -:  869:
        -:  870:    // discard card from hand
    #####:  871:    discardCard(handPos, currentPlayer, state, 0);
call    0 never executed
        -:  872:
        -:  873:    // discard trashed card
    #####:  874:    for (i = 0; i < state->handCount[currentPlayer]; i++) {
branch  0 never executed
branch  1 never executed
    #####:  875:      if (state->hand[currentPlayer][i] == j) {
branch  0 never executed
branch  1 never executed
    #####:  876:        discardCard(i, currentPlayer, state, 0);
call    0 never executed
    #####:  877:        break;
        -:  878:      }
        -:  879:    }
        -:  880:
    #####:  881:    return 0;
        -:  882:
        -:  883:  case smithy:
        -:  884:
    30037:  885:    smithyFunc(currentPlayer, state, handPos);
call    0 returned 100%
    30037:  886:    return 0;
        -:  887:
        -:  888:  case village:
        -:  889:
    30037:  890:    villageFunc(currentPlayer, state, handPos);
call    0 returned 100%
    30037:  891:    return 0;
        -:  892:
        -:  893:  case baron:
    #####:  894:    state->numBuys++;             // Increase buys by 1!
    #####:  895:    if (choice1 > 0) {            // Boolean true or going to discard an estate
branch  0 never executed
branch  1 never executed
    #####:  896:      int p = 0;                  // Iterator for hand!
    #####:  897:      int card_not_discarded = 1; // Flag for discard set!
    #####:  898:      while (card_not_discarded) {
branch  0 never executed
branch  1 never executed
    #####:  899:        if (state->hand[currentPlayer][p] == estate) { // Found an estate card!
branch  0 never executed
branch  1 never executed
    #####:  900:          state->coins += 4; // Add 4 coins to the amount of coins
    #####:  901:          state->discard[currentPlayer][state->discardCount[currentPlayer]] =
    #####:  902:              state->hand[currentPlayer][p];
    #####:  903:          state->discardCount[currentPlayer]++;
    #####:  904:          for (; p < state->handCount[currentPlayer]; p++) {
branch  0 never executed
branch  1 never executed
    #####:  905:            state->hand[currentPlayer][p] = state->hand[currentPlayer][p + 1];
        -:  906:          }
    #####:  907:          state->hand[currentPlayer][state->handCount[currentPlayer]] = -1;
    #####:  908:          state->handCount[currentPlayer]--;
    #####:  909:          card_not_discarded = 0; // Exit the loop
    #####:  910:        } else if (p > state->handCount[currentPlayer]) {
branch  0 never executed
branch  1 never executed
        -:  911:          if (DEBUG) {
        -:  912:            printf("No estate cards in your hand, invalid choice\n");
        -:  913:            printf("Must gain an estate if there are any\n");
        -:  914:          }
    #####:  915:          if (supplyCount(estate, state) > 0) {
call    0 never executed
branch  1 never executed
branch  2 never executed
    #####:  916:            gainCard(estate, state, 0, currentPlayer);
call    0 never executed
    #####:  917:            state->supplyCount[estate]--; // Decrement estates
    #####:  918:            if (supplyCount(estate, state) == 0) {
call    0 never executed
branch  1 never executed
branch  2 never executed
    #####:  919:              isGameOver(state);
call    0 never executed
        -:  920:            }
        -:  921:          }
    #####:  922:          card_not_discarded = 0; // Exit the loop
        -:  923:        }
        -:  924:
        -:  925:        else {
    #####:  926:          p++; // Next card
        -:  927:        }
        -:  928:      }
        -:  929:    }
        -:  930:
        -:  931:    else {
    #####:  932:      if (supplyCount(estate, state) > 0) {
call    0 never executed
branch  1 never executed
branch  2 never executed
    #####:  933:        gainCard(estate, state, 0, currentPlayer); // Gain an estate
call    0 never executed
    #####:  934:        state->supplyCount[estate]--;              // Decrement Estates
    #####:  935:        if (supplyCount(estate, state) == 0) {
call    0 never executed
branch  1 never executed
branch  2 never executed
    #####:  936:          isGameOver(state);
call    0 never executed
        -:  937:        }
        -:  938:      }
        -:  939:    }
        -:  940:
    #####:  941:    return 0;
        -:  942:
        -:  943:  case great_hall:
        -:  944:
    #####:  945:    greatHallFunc(currentPlayer, state, handPos);
call    0 never executed
    #####:  946:    return 0;
        -:  947:
        -:  948:  case minion:
        -:  949:    //+1 action
    #####:  950:    state->numActions++;
        -:  951:
        -:  952:    // discard card from hand
    #####:  953:    discardCard(handPos, currentPlayer, state, 0);
call    0 never executed
        -:  954:
    #####:  955:    if (choice1) //+2 coins
branch  0 never executed
branch  1 never executed
        -:  956:    {
    #####:  957:      state->coins = state->coins + 2;
        -:  958:    }
        -:  959:
    #####:  960:    else if (choice2) // discard hand, redraw 4, other players with 5+ cards
branch  0 never executed
branch  1 never executed
        -:  961:                      // discard hand and draw 4
        -:  962:    {
        -:  963:      // discard hand
    #####:  964:      while (numHandCards(state) > 0) {
call    0 never executed
branch  1 never executed
branch  2 never executed
    #####:  965:        discardCard(handPos, currentPlayer, state, 0);
call    0 never executed
        -:  966:      }
        -:  967:
        -:  968:      // draw 4
    #####:  969:      for (i = 0; i < 4; i++) {
branch  0 never executed
branch  1 never executed
    #####:  970:        drawCard(currentPlayer, state);
call    0 never executed
        -:  971:      }
        -:  972:
        -:  973:      // other players discard hand and redraw if hand size > 4
    #####:  974:      for (i = 0; i < state->numPlayers; i++) {
branch  0 never executed
branch  1 never executed
    #####:  975:        if (i != currentPlayer) {
branch  0 never executed
branch  1 never executed
    #####:  976:          if (state->handCount[i] > 4) {
branch  0 never executed
branch  1 never executed
        -:  977:            // discard hand
    #####:  978:            while (state->handCount[i] > 0) {
branch  0 never executed
branch  1 never executed
    #####:  979:              discardCard(handPos, i, state, 0);
call    0 never executed
        -:  980:            }
        -:  981:
        -:  982:            // draw 4
    #####:  983:            for (j = 0; j < 4; j++) {
branch  0 never executed
branch  1 never executed
    #####:  984:              drawCard(i, state);
call    0 never executed
        -:  985:            }
        -:  986:          }
        -:  987:        }
        -:  988:      }
        -:  989:    }
    #####:  990:    return 0;
        -:  991:
        -:  992:  case steward:
    #####:  993:    if (choice1 == 1) {
branch  0 never executed
branch  1 never executed
        -:  994:      //+2 cards
    #####:  995:      drawCard(currentPlayer, state);
call    0 never executed
    #####:  996:      drawCard(currentPlayer, state);
call    0 never executed
    #####:  997:    } else if (choice1 == 2) {
branch  0 never executed
branch  1 never executed
        -:  998:      //+2 coins
    #####:  999:      state->coins = state->coins + 2;
        -: 1000:    } else {
        -: 1001:      // trash 2 cards in hand
    #####: 1002:      discardCard(choice2, currentPlayer, state, 1);
call    0 never executed
    #####: 1003:      discardCard(choice3, currentPlayer, state, 1);
call    0 never executed
        -: 1004:    }
        -: 1005:
        -: 1006:    // discard card from hand
    #####: 1007:    discardCard(handPos, currentPlayer, state, 0);
call    0 never executed
    #####: 1008:    return 0;
        -: 1009:
        -: 1010:  case tribute:
    #####: 1011:    if ((state->discardCount[nextPlayer] + state->deckCount[nextPlayer]) <= 1) {
branch  0 never executed
branch  1 never executed
    #####: 1012:      if (state->deckCount[nextPlayer] > 0) {
branch  0 never executed
branch  1 never executed
    #####: 1013:        tributeRevealedCards[0] =
    #####: 1014:            state->deck[nextPlayer][state->deckCount[nextPlayer] - 1];
    #####: 1015:        state->deckCount[nextPlayer]--;
    #####: 1016:      } else if (state->discardCount[nextPlayer] > 0) {
branch  0 never executed
branch  1 never executed
    #####: 1017:        tributeRevealedCards[0] =
    #####: 1018:            state->discard[nextPlayer][state->discardCount[nextPlayer] - 1];
    #####: 1019:        state->discardCount[nextPlayer]--;
        -: 1020:      } else {
        -: 1021:        // No Card to Reveal
        -: 1022:        if (DEBUG) {
        -: 1023:          printf("No cards to reveal\n");
        -: 1024:        }
        -: 1025:      }
        -: 1026:    }
        -: 1027:
        -: 1028:    else {
    #####: 1029:      if (state->deckCount[nextPlayer] == 0) {
branch  0 never executed
branch  1 never executed
    #####: 1030:        for (i = 0; i < state->discardCount[nextPlayer]; i++) {
branch  0 never executed
branch  1 never executed
    #####: 1031:          state->deck[nextPlayer][i] =
    #####: 1032:              state->discard[nextPlayer][i]; // Move to deck
    #####: 1033:          state->deckCount[nextPlayer]++;
    #####: 1034:          state->discard[nextPlayer][i] = -1;
    #####: 1035:          state->discardCount[nextPlayer]--;
        -: 1036:        }
        -: 1037:
    #####: 1038:        shuffle(nextPlayer, state); // Shuffle the deck
call    0 never executed
        -: 1039:      }
    #####: 1040:      tributeRevealedCards[0] =
    #####: 1041:          state->deck[nextPlayer][state->deckCount[nextPlayer] - 1];
    #####: 1042:      state->deck[nextPlayer][state->deckCount[nextPlayer]--] = -1;
    #####: 1043:      state->deckCount[nextPlayer]--;
    #####: 1044:      tributeRevealedCards[1] =
    #####: 1045:          state->deck[nextPlayer][state->deckCount[nextPlayer] - 1];
    #####: 1046:      state->deck[nextPlayer][state->deckCount[nextPlayer]--] = -1;
    #####: 1047:      state->deckCount[nextPlayer]--;
        -: 1048:    }
        -: 1049:
    #####: 1050:    if (tributeRevealedCards[0] ==
branch  0 never executed
branch  1 never executed
    #####: 1051:        tributeRevealedCards[1]) { // If we have a duplicate card, just drop one
    #####: 1052:      state->playedCards[state->playedCardCount] = tributeRevealedCards[1];
    #####: 1053:      state->playedCardCount++;
    #####: 1054:      tributeRevealedCards[1] = -1;
        -: 1055:    }
        -: 1056:
    #####: 1057:    for (i = 0; i <= 2; i++) {
branch  0 never executed
branch  1 never executed
    #####: 1058:      if (tributeRevealedCards[i] == copper ||
branch  0 never executed
branch  1 never executed
branch  2 never executed
branch  3 never executed
    #####: 1059:          tributeRevealedCards[i] == silver ||
branch  0 never executed
branch  1 never executed
    #####: 1060:          tributeRevealedCards[i] == gold) { // Treasure cards
    #####: 1061:        state->coins += 2;
        -: 1062:      }
        -: 1063:
    #####: 1064:      else if (tributeRevealedCards[i] == estate ||
branch  0 never executed
branch  1 never executed
branch  2 never executed
branch  3 never executed
    #####: 1065:               tributeRevealedCards[i] == duchy ||
branch  0 never executed
branch  1 never executed
    #####: 1066:               tributeRevealedCards[i] == province ||
branch  0 never executed
branch  1 never executed
    #####: 1067:               tributeRevealedCards[i] == gardens ||
branch  0 never executed
branch  1 never executed
    #####: 1068:               tributeRevealedCards[i] == great_hall) { // Victory Card Found
    #####: 1069:        drawCard(currentPlayer, state);
call    0 never executed
    #####: 1070:        drawCard(currentPlayer, state);
call    0 never executed
        -: 1071:      } else { // Action Card
    #####: 1072:        state->numActions = state->numActions + 2;
        -: 1073:      }
        -: 1074:    }
        -: 1075:
    #####: 1076:    return 0;
        -: 1077:
        -: 1078:  case ambassador:
    #####: 1079:    j = 0; // used to check if player has enough cards to discard
        -: 1080:
    #####: 1081:    if (choice2 > 2 || choice2 < 0) {
branch  0 never executed
branch  1 never executed
branch  2 never executed
branch  3 never executed
    #####: 1082:      return -1;
        -: 1083:    }
        -: 1084:
    #####: 1085:    if (choice1 == handPos) {
branch  0 never executed
branch  1 never executed
    #####: 1086:      return -1;
        -: 1087:    }
        -: 1088:
    #####: 1089:    for (i = 0; i < state->handCount[currentPlayer]; i++) {
branch  0 never executed
branch  1 never executed
    #####: 1090:      if (i != handPos && i == state->hand[currentPlayer][choice1] &&
branch  0 never executed
branch  1 never executed
branch  2 never executed
branch  3 never executed
branch  4 never executed
branch  5 never executed
        -: 1091:          i != choice1) {
    #####: 1092:        j++;
        -: 1093:      }
        -: 1094:    }
    #####: 1095:    if (j < choice2) {
branch  0 never executed
branch  1 never executed
    #####: 1096:      return -1;
        -: 1097:    }
        -: 1098:
        -: 1099:    if (DEBUG)
        -: 1100:      printf("Player %d reveals card number: %d\n", currentPlayer,
        -: 1101:             state->hand[currentPlayer][choice1]);
        -: 1102:
        -: 1103:    // increase supply count for choosen card by amount being discarded
    #####: 1104:    state->supplyCount[state->hand[currentPlayer][choice1]] += choice2;
        -: 1105:
        -: 1106:    // each other player gains a copy of revealed card
    #####: 1107:    for (i = 0; i < state->numPlayers; i++) {
branch  0 never executed
branch  1 never executed
    #####: 1108:      if (i != currentPlayer) {
branch  0 never executed
branch  1 never executed
    #####: 1109:        gainCard(state->hand[currentPlayer][choice1], state, 0, i);
call    0 never executed
        -: 1110:      }
        -: 1111:    }
        -: 1112:
        -: 1113:    // discard played card from hand
    #####: 1114:    discardCard(handPos, currentPlayer, state, 0);
call    0 never executed
        -: 1115:
        -: 1116:    // trash copies of cards returned to supply
    #####: 1117:    for (j = 0; j < choice2; j++) {
branch  0 never executed
branch  1 never executed
    #####: 1118:      for (i = 0; i < state->handCount[currentPlayer]; i++) {
branch  0 never executed
branch  1 never executed
    #####: 1119:        if (state->hand[currentPlayer][i] ==
branch  0 never executed
branch  1 never executed
    #####: 1120:            state->hand[currentPlayer][choice1]) {
    #####: 1121:          discardCard(i, currentPlayer, state, 1);
call    0 never executed
    #####: 1122:          break;
        -: 1123:        }
        -: 1124:      }
        -: 1125:    }
        -: 1126:
    #####: 1127:    return 0;
        -: 1128:
        -: 1129:  case cutpurse:
        -: 1130:
    #####: 1131:    updateCoins(currentPlayer, state, 2);
call    0 never executed
    #####: 1132:    for (i = 0; i < state->numPlayers; i++) {
branch  0 never executed
branch  1 never executed
    #####: 1133:      if (i != currentPlayer) {
branch  0 never executed
branch  1 never executed
    #####: 1134:        for (j = 0; j < state->handCount[i]; j++) {
branch  0 never executed
branch  1 never executed
    #####: 1135:          if (state->hand[i][j] == copper) {
branch  0 never executed
branch  1 never executed
    #####: 1136:            discardCard(j, i, state, 0);
call    0 never executed
    #####: 1137:            break;
        -: 1138:          }
    #####: 1139:          if (j == state->handCount[i]) {
branch  0 never executed
branch  1 never executed
    #####: 1140:            for (k = 0; k < state->handCount[i]; k++) {
branch  0 never executed
branch  1 never executed
        -: 1141:              if (DEBUG)
        -: 1142:                printf("Player %d reveals card number %d\n", i,
        -: 1143:                       state->hand[i][k]);
        -: 1144:            }
    #####: 1145:            break;
        -: 1146:          }
        -: 1147:        }
        -: 1148:      }
        -: 1149:    }
        -: 1150:
        -: 1151:    // discard played card from hand
    #####: 1152:    discardCard(handPos, currentPlayer, state, 0);
call    0 never executed
        -: 1153:
    #####: 1154:    return 0;
        -: 1155:
        -: 1156:  case embargo:
        -: 1157:    //+2 Coins
    #####: 1158:    state->coins = state->coins + 2;
        -: 1159:
        -: 1160:    // see if selected pile is in play
    #####: 1161:    if (state->supplyCount[choice1] == -1) {
branch  0 never executed
branch  1 never executed
    #####: 1162:      return -1;
        -: 1163:    }
        -: 1164:
        -: 1165:    // add embargo token to selected supply pile
    #####: 1166:    state->embargoTokens[choice1]++;
        -: 1167:
        -: 1168:    // trash card
    #####: 1169:    discardCard(handPos, currentPlayer, state, 1);
call    0 never executed
    #####: 1170:    return 0;
        -: 1171:
        -: 1172:  case outpost:
        -: 1173:    // set outpost flag
    #####: 1174:    state->outpostPlayed++;
        -: 1175:
        -: 1176:    // discard card
    #####: 1177:    discardCard(handPos, currentPlayer, state, 0);
call    0 never executed
    #####: 1178:    return 0;
        -: 1179:
        -: 1180:  case salvager:
        -: 1181:    //+1 buy
    #####: 1182:    state->numBuys++;
        -: 1183:
    #####: 1184:    if (choice1) {
branch  0 never executed
branch  1 never executed
        -: 1185:      // gain coins equal to trashed card
    #####: 1186:      state->coins = state->coins + getCost(handCard(choice1, state));
call    0 never executed
call    1 never executed
        -: 1187:      // trash card
    #####: 1188:      discardCard(choice1, currentPlayer, state, 1);
call    0 never executed
        -: 1189:    }
        -: 1190:
        -: 1191:    // discard card
    #####: 1192:    discardCard(handPos, currentPlayer, state, 0);
call    0 never executed
    #####: 1193:    return 0;
        -: 1194:
        -: 1195:  case sea_hag:
    #####: 1196:    for (i = 0; i < state->numPlayers; i++) {
branch  0 never executed
branch  1 never executed
    #####: 1197:      if (i != currentPlayer) {
branch  0 never executed
branch  1 never executed
    #####: 1198:        state->discard[i][state->discardCount[i]] =
    #####: 1199:            state->deck[i][state->deckCount[i]--];
    #####: 1200:        state->deckCount[i]--;
    #####: 1201:        state->discardCount[i]++;
    #####: 1202:        state->deck[i][state->deckCount[i]--] = curse; // Top card now a curse
        -: 1203:      }
        -: 1204:    }
    #####: 1205:    return 0;
        -: 1206:
        -: 1207:  case treasure_map:
        -: 1208:    // search hand for another treasure_map
    #####: 1209:    index = -1;
    #####: 1210:    for (i = 0; i < state->handCount[currentPlayer]; i++) {
branch  0 never executed
branch  1 never executed
    #####: 1211:      if (state->hand[currentPlayer][i] == treasure_map && i != handPos) {
branch  0 never executed
branch  1 never executed
branch  2 never executed
branch  3 never executed
    #####: 1212:        index = i;
    #####: 1213:        break;
        -: 1214:      }
        -: 1215:    }
    #####: 1216:    if (index > -1) {
branch  0 never executed
branch  1 never executed
        -: 1217:      // trash both treasure cards
    #####: 1218:      discardCard(handPos, currentPlayer, state, 1);
call    0 never executed
    #####: 1219:      discardCard(index, currentPlayer, state, 1);
call    0 never executed
        -: 1220:
        -: 1221:      // gain 4 Gold cards
    #####: 1222:      for (i = 0; i < 4; i++) {
branch  0 never executed
branch  1 never executed
    #####: 1223:        gainCard(gold, state, 1, currentPlayer);
call    0 never executed
        -: 1224:      }
        -: 1225:
        -: 1226:      // return success
    #####: 1227:      return 1;
        -: 1228:    }
        -: 1229:
        -: 1230:    // no second treasure_map found in hand
    #####: 1231:    return -1;
        -: 1232:  }
        -: 1233:
    #####: 1234:  return -1;
        -: 1235:}
        -: 1236:
function discardCard called 60074 returned 100% blocks executed 89%
    60074: 1237:int discardCard(int handPos, int currentPlayer, struct gameState *state,
        -: 1238:                int trashFlag) {
        -: 1239:
        -: 1240:  // if card is not trashed, added to Played pile
    60074: 1241:  if (trashFlag < 1) {
branch  0 taken 100% (fallthrough)
branch  1 taken 0%
        -: 1242:    // add card to played pile
   120148: 1243:    state->playedCards[state->playedCardCount] =
    60074: 1244:        state->hand[currentPlayer][handPos];
    60074: 1245:    state->playedCardCount++;
        -: 1246:  }
        -: 1247:
        -: 1248:  // set played card to -1
    60074: 1249:  state->hand[currentPlayer][handPos] = -1;
        -: 1250:
        -: 1251:  // remove card from player's hand
    60074: 1252:  if (handPos == (state->handCount[currentPlayer] -
branch  0 taken 17% (fallthrough)
branch  1 taken 83%
        -: 1253:                  1)) // last card in hand array is played
        -: 1254:  {
        -: 1255:    // reduce number of cards in hand
    10000: 1256:    state->handCount[currentPlayer]--;
    50074: 1257:  } else if (state->handCount[currentPlayer] == 1) // only one card in hand
branch  0 taken 0% (fallthrough)
branch  1 taken 100%
        -: 1258:  {
        -: 1259:    // reduce number of cards in hand
    #####: 1260:    state->handCount[currentPlayer]--;
        -: 1261:  } else {
        -: 1262:    // replace discarded card with last card in hand
    50074: 1263:    state->hand[currentPlayer][handPos] =
    50074: 1264:        state->hand[currentPlayer][(state->handCount[currentPlayer] - 1)];
        -: 1265:    // set last card to -1
    50074: 1266:    state->hand[currentPlayer][state->handCount[currentPlayer] - 1] = -1;
        -: 1267:    // reduce number of cards in hand
    50074: 1268:    state->handCount[currentPlayer]--;
        -: 1269:  }
        -: 1270:
    60074: 1271:  return 0;
        -: 1272:}
        -: 1273:
function gainCard called 0 returned 0% blocks executed 0%
    #####: 1274:int gainCard(int supplyPos, struct gameState *state, int toFlag, int player) {
        -: 1275:  // Note: supplyPos is enum of choosen card
        -: 1276:
        -: 1277:  // check if supply pile is empty (0) or card is not used in game (-1)
    #####: 1278:  if (supplyCount(supplyPos, state) < 1) {
call    0 never executed
branch  1 never executed
branch  2 never executed
    #####: 1279:    return -1;
        -: 1280:  }
        -: 1281:
        -: 1282:  // added card for [whoseTurn] current player:
        -: 1283:  // toFlag = 0 : add to discard
        -: 1284:  // toFlag = 1 : add to deck
        -: 1285:  // toFlag = 2 : add to hand
        -: 1286:
    #####: 1287:  if (toFlag == 1) {
branch  0 never executed
branch  1 never executed
    #####: 1288:    state->deck[player][state->deckCount[player]] = supplyPos;
    #####: 1289:    state->deckCount[player]++;
    #####: 1290:  } else if (toFlag == 2) {
branch  0 never executed
branch  1 never executed
    #####: 1291:    state->hand[player][state->handCount[player]] = supplyPos;
    #####: 1292:    state->handCount[player]++;
        -: 1293:  } else {
    #####: 1294:    state->discard[player][state->discardCount[player]] = supplyPos;
    #####: 1295:    state->discardCount[player]++;
        -: 1296:  }
        -: 1297:
        -: 1298:  // decrease number in supply pile
    #####: 1299:  state->supplyCount[supplyPos]--;
        -: 1300:
    #####: 1301:  return 0;
        -: 1302:}
        -: 1303:
function updateCoins called 30000 returned 100% blocks executed 82%
    30000: 1304:int updateCoins(int player, struct gameState *state, int bonus) {
        -: 1305:  int i;
        -: 1306:
        -: 1307:  // reset coin count
    30000: 1308:  state->coins = 0;
        -: 1309:
        -: 1310:  // add coins for each Treasure card in player's hand
   180000: 1311:  for (i = 0; i < state->handCount[player]; i++) {
branch  0 taken 83%
branch  1 taken 17% (fallthrough)
   150000: 1312:    if (state->hand[player][i] == copper) {
branch  0 taken 80% (fallthrough)
branch  1 taken 20%
   120000: 1313:      state->coins += 1;
    30000: 1314:    } else if (state->hand[player][i] == silver) {
branch  0 taken 0% (fallthrough)
branch  1 taken 100%
    #####: 1315:      state->coins += 2;
    30000: 1316:    } else if (state->hand[player][i] == gold) {
branch  0 taken 0% (fallthrough)
branch  1 taken 100%
    #####: 1317:      state->coins += 3;
        -: 1318:    }
        -: 1319:  }
        -: 1320:
        -: 1321:  // add bonus
    30000: 1322:  state->coins += bonus;
        -: 1323:
    30000: 1324:  return 0;
        -: 1325:}
        -: 1326:
        -: 1327:// end of dominion.c
